#
# There is insufficient memory for the Java Runtime Environment to continue.
# Native memory allocation (malloc) failed to allocate 1048576 bytes for AllocateHeap
# Possible reasons:
#   The system is out of physical RAM or swap space
#   The process is running with CompressedOops enabled, and the Java Heap may be blocking the growth of the native heap
# Possible solutions:
#   Reduce memory load on the system
#   Increase physical memory or swap space
#   Check if swap backing store is full
#   Decrease Java heap size (-Xmx/-Xms)
#   Decrease number of Java threads
#   Decrease Java thread stack sizes (-Xss)
#   Set larger code cache with -XX:ReservedCodeCacheSize=
#   JVM is running with Unscaled Compressed Oops mode in which the Java heap is
#     placed in the first 4GB address space. The Java Heap base address is the
#     maximum limit for the native heap growth. Please use -XX:HeapBaseMinAddress
#     to set the Java Heap base and to place the Java Heap above 4GB virtual address.
# This output file may be truncated or incomplete.
#
#  Out of Memory Error (memory/allocation.inline.hpp:61), pid=61192, tid=0x0000000000010b28
#
# JRE version:  (8.0_251-b08) (build )
# Java VM: Java HotSpot(TM) 64-Bit Server VM (25.251-b08 mixed mode windows-amd64 compressed oops)
# Failed to write core dump. Minidumps are not enabled by default on client versions of Windows
#

---------------  T H R E A D  ---------------

Current thread (0x000000000251e800):  JavaThread "Unknown thread" [_thread_in_vm, id=68392, stack(0x0000000002370000,0x0000000002470000)]

Stack: [0x0000000002370000,0x0000000002470000]
[error occurred during error reporting (printing stack bounds), id 0xc0000005]

Native frames: (J=compiled Java code, j=interpreted, Vv=VM code, C=native code)


---------------  P R O C E S S  ---------------

Java Threads: ( => current thread )

Other Threads:

=>0x000000000251e800 (exited) JavaThread "Unknown thread" [_thread_in_vm, id=68392, stack(0x0000000002370000,0x0000000002470000)]

VM state:not at safepoint (normal execution)

VM Mutex/Monitor currently owned by a thread: None

heap address: 0x00000000fc000000, size: 64 MB, Compressed Oops mode: 32-bit
Narrow klass base: 0x0000000000000000, Narrow klass shift: 3
Compressed class space size: 1073741824 Address: 0x0000000100000000

Heap:
 PSYoungGen      total 18944K, used 327K [0x00000000feb00000, 0x0000000100000000, 0x0000000100000000)
  eden space 16384K, 2% used [0x00000000feb00000,0x00000000feb51ec8,0x00000000ffb00000)
  from space 2560K, 0% used [0x00000000ffd80000,0x00000000ffd80000,0x0000000100000000)
  to   space 2560K, 0% used [0x00000000ffb00000,0x00000000ffb00000,0x00000000ffd80000)
 ParOldGen       total 44032K, used 0K [0x00000000fc000000, 0x00000000feb00000, 0x00000000feb00000)
  object space 44032K, 0% used [0x00000000fc000000,0x00000000fc000000,0x00000000feb00000)
 Metaspace       used 776K, capacity 4480K, committed 4480K, reserved 1056768K
  class space    used 76K, capacity 384K, committed 384K, reserved 1048576K

Card table byte_map: [0x0000000002470000,0x00000000024a0000] byte_map_base: 0x0000000001c90000

Marking Bits: (ParMarkBitMap*) 0x000000006489af90
 Begin Bits: [0x00000000121e0000, 0x00000000122e0000)
 End Bits:   [0x00000000122e0000, 0x00000000123e0000)

Polling page: 0x0000000000620000

CodeCache: size=245760Kb used=327Kb max_used=327Kb free=245432Kb
 bounds [0x0000000002620000, 0x0000000002890000, 0x0000000011620000]
 total_blobs=57 nmethods=0 adapters=38
 compilation: enabled

Compilation events (0 events):
No events

GC Heap History (0 events):
No events

Deoptimization events (0 events):
No events

Classes redefined (0 events):
No events

Internal exceptions (0 events):
No events

Events (10 events):
Event: 0.028 loading class java/lang/Short
Event: 0.028 loading class java/lang/Short done
Event: 0.028 loading class java/lang/Integer
Event: 0.028 loading class java/lang/Integer done
Event: 0.028 loading class java/lang/Long
Event: 0.028 loading class java/lang/Long done
Event: 0.028 loading class java/lang/NullPointerException
Event: 0.028 loading class java/lang/NullPointerException done
Event: 0.028 loading class java/lang/ArithmeticException
Event: 0.028 loading class java/lang/ArithmeticException done


Dynamic libraries:
0x00007ff69ae80000 - 0x00007ff69aeb7000 	C:\Program Files\Java\jdk1.8.0_251\bin\java.exe
0x00007ffe1ae20000 - 0x00007ffe1b010000 	C:\WINDOWS\SYSTEM32\ntdll.dll
0x00007ffe19590000 - 0x00007ffe19642000 	C:\WINDOWS\System32\KERNEL32.DLL
0x00007ffe18840000 - 0x00007ffe18ae5000 	C:\WINDOWS\System32\KERNELBASE.dll
0x00007ffe19d40000 - 0x00007ffe19de3000 	C:\WINDOWS\System32\ADVAPI32.dll
0x00007ffe19eb0000 - 0x00007ffe19f4e000 	C:\WINDOWS\System32\msvcrt.dll
0x00007ffe1a950000 - 0x00007ffe1a9e7000 	C:\WINDOWS\System32\sechost.dll
0x00007ffe1a830000 - 0x00007ffe1a950000 	C:\WINDOWS\System32\RPCRT4.dll
0x00007ffe19f70000 - 0x00007ffe1a104000 	C:\WINDOWS\System32\USER32.dll
0x00007ffe18e70000 - 0x00007ffe18e91000 	C:\WINDOWS\System32\win32u.dll
0x00007ffe19090000 - 0x00007ffe190b6000 	C:\WINDOWS\System32\GDI32.dll
0x00007ffe18680000 - 0x00007ffe18816000 	C:\WINDOWS\System32\gdi32full.dll
0x00007ffe18d20000 - 0x00007ffe18dbe000 	C:\WINDOWS\System32\msvcp_win.dll
0x00007ffe18af0000 - 0x00007ffe18bea000 	C:\WINDOWS\System32\ucrtbase.dll
0x00007ffe0f530000 - 0x00007ffe0f7b4000 	C:\WINDOWS\WinSxS\amd64_microsoft.windows.common-controls_6595b64144ccf1df_6.0.18362.1198_none_9e820b57e45ad92f\COMCTL32.dll
0x00007ffe1aaa0000 - 0x00007ffe1add5000 	C:\WINDOWS\System32\combase.dll
0x00007ffe18ca0000 - 0x00007ffe18d20000 	C:\WINDOWS\System32\bcryptPrimitives.dll
0x00007ffe19540000 - 0x00007ffe1956e000 	C:\WINDOWS\System32\IMM32.DLL
0x0000000064920000 - 0x00000000649f2000 	C:\Program Files\Java\jdk1.8.0_251\jre\bin\msvcr100.dll
0x0000000064070000 - 0x000000006491b000 	C:\Program Files\Java\jdk1.8.0_251\jre\bin\server\jvm.dll
0x00007ffe18ed0000 - 0x00007ffe18ed8000 	C:\WINDOWS\System32\PSAPI.DLL
0x00007ffe0fe80000 - 0x00007ffe0fe8a000 	C:\WINDOWS\SYSTEM32\VERSION.dll
0x00007ffe0dce0000 - 0x00007ffe0dd04000 	C:\WINDOWS\SYSTEM32\WINMM.dll
0x00007ffe0b9d0000 - 0x00007ffe0b9d9000 	C:\WINDOWS\SYSTEM32\WSOCK32.dll
0x00007ffe192d0000 - 0x00007ffe1933f000 	C:\WINDOWS\System32\WS2_32.dll
0x00007ffe0d900000 - 0x00007ffe0d92d000 	C:\WINDOWS\SYSTEM32\WINMMBASE.dll
0x00007ffe18bf0000 - 0x00007ffe18c3a000 	C:\WINDOWS\System32\cfgmgr32.dll
0x00007ffe122f0000 - 0x00007ffe122ff000 	C:\Program Files\Java\jdk1.8.0_251\jre\bin\verify.dll
0x00007ffe09a20000 - 0x00007ffe09a49000 	C:\Program Files\Java\jdk1.8.0_251\jre\bin\java.dll
0x00007ffe0fad0000 - 0x00007ffe0fae6000 	C:\Program Files\Java\jdk1.8.0_251\jre\bin\zip.dll

VM Arguments:
jvm_args: -Xmx64m -Xms64m -Dorg.gradle.appname=gradlew 
java_command: org.gradle.wrapper.GradleWrapperMain shadowJar
java_class_path (initial): D:\Desktop\HGLabor\HGLabor Duels\\gradle\wrapper\gradle-wrapper.jar
Launcher Type: SUN_STANDARD

Environment Variables:
JAVA_HOME=C:\Program Files\Java\jdk1.8.0_251
CLASSPATH=D:\Desktop\HGLabor\HGLabor Duels\\gradle\wrapper\gradle-wrapper.jar
PATH=C:\Program Files (x86)\Common Files\Oracle\Java\javapath;C:\Program Files (x86)\Razer\ChromaBroadcast\bin;C:\Program Files\Razer\ChromaBroadcast\bin;C:\Program Files (x86)\Razer Chroma SDK\bin;C:\Program Files\Razer Chroma SDK\bin;C:\Windows\system32;C:\Windows;C:\Windows\System32\Wbem;C:\Windows\System32\WindowsPowerShell\v1.0\;C:\Windows\System32\OpenSSH\;C:\Users\Nutzer\AppData\Local\Microsoft\WindowsApps;D:\Programme\Putty\;C:\Windows\system32\config\systemprofile\AppData\Local\Microsoft\WindowsApps;D:\Programme\Microsoft VS Code\bin;C:\Program Files\Java\jdk1.8.0_251\bin;C:\Program Files (x86)\Windows Live\Shared;C:\WINDOWS\system32;C:\WINDOWS;C:\WINDOWS\System32\Wbem;C:\WINDOWS\System32\WindowsPowerShell\v1.0\;C:\WINDOWS\System32\OpenSSH\;C:\Program Files\dotnet\;D:\Programme\Git\cmd;C:\Users\Nutzer\AppData\Local\Microsoft\WindowsApps;%USERPROFILE%\AppData\Local\Microsoft\WindowsApps;
USERNAME=Enrico
OS=Windows_NT
PROCESSOR_IDENTIFIER=AMD64 Family 21 Model 2 Stepping 0, AuthenticAMD



---------------  S Y S T E M  ---------------

OS: Windows 10.0 , 64 bit Build 18362 (10.0.18362.1110)

CPU:total 8 (initial active 8) (8 cores per cpu, 1 threads per core) family 21 model 2 stepping 0, cmov, cx8, fxsr, mmx, sse, sse2, sse3, ssse3, sse4.1, sse4.2, popcnt, avx, aes, clmul, mmxext, 3dnowpref, lzcnt, sse4a, tsc, tscinvbit, tscinv, bmi1

Memory: 4k page, physical 16774692k(2026268k free), swap 31286324k(5424k free)

vm_info: Java HotSpot(TM) 64-Bit Server VM (25.251-b08) for windows-amd64 JRE (1.8.0_251-b08), built on Mar 12 2020 06:31:49 by "" with MS VC++ 10.0 (VS2010)

time: Mon Nov 23 01:24:36 2020
timezone: Mitteleuropäische Zeit
elapsed time: 0 seconds (0d 0h 0m 0s)

